<?xml version="1.0" encoding="UTF-8"?>
<!-- Generated by org.testng.reporters.JUnitXMLReporter -->
<testsuite ignored="3" hostname="DESKTOP-BG83L86" failures="0" tests="6" name="ERP Test" time="13.805" errors="0" timestamp="2024-05-14T11:08:03 IST">
  <testcase classname="in.biencaps.erp.testCases.LoginAndForgotPasswordFunctionality" name="verifyForgotPasswordWithoutGivingUserId" time="0.977"/>
  <testcase classname="in.biencaps.erp.testCases.LoginAndForgotPasswordFunctionality" name="verifyLoginEmployee" time="3.045"/>
  <testcase classname="in.biencaps.erp.testCases.LoginAndForgotPasswordFunctionality" name="verifyLoginEmployee" time="2.343"/>
  <testcase classname="in.biencaps.erp.testCases.LoginAndForgotPasswordFunctionality" name="verifyLoginEmployee" time="2.57"/>
  <testcase classname="in.biencaps.erp.testCases.LoginAndForgotPasswordFunctionality" name="verifyLoginEmployee" time="3.324"/>
  <testcase classname="in.biencaps.erp.testCases.LoginAndForgotPasswordFunctionality" name="checkEmployeeNameAfterLoggedIn" time="0.651"/>
  <testcase classname="in.biencaps.erp.testCases.LoginAndForgotPasswordFunctionality" name="getAllEmployeeDetails" time="0.0">
    <ignored/>
  </testcase> <!-- getAllEmployeeDetails -->
  <testcase classname="in.biencaps.erp.testCases.LoginAndForgotPasswordFunctionality" name="verifyForgotPasswordByGivingValidUserId" time="0.0">
    <ignored/>
  </testcase> <!-- verifyForgotPasswordByGivingValidUserId -->
  <testcase classname="in.biencaps.erp.testCases.LoginAndForgotPasswordFunctionality" name="goToLoginPage" time="0.0">
    <ignored/>
  </testcase> <!-- goToLoginPage -->
</testsuite> <!-- ERP Test -->
