<?xml version="1.0" encoding="UTF-8"?>
<!-- Generated by org.testng.reporters.JUnitXMLReporter -->
<testsuite ignored="3" hostname="DESKTOP-BG83L86" failures="0" tests="6" name="Login And Forgot Password Functionality" time="16.937" errors="0" timestamp="2024-05-04T14:05:40 IST">
  <testcase classname="com.biencaps.erp.testCases.LoginAndForgotPasswordFunctionality" name="verifyLoginEmployeeByGivingValidUserIdAndInvalidPassword" time="4.039"/>
  <testcase classname="com.biencaps.erp.testCases.LoginAndForgotPasswordFunctionality" name="verifyLoginEmployeeByGivingInvalidUserIdAndValidPassword" time="3.235"/>
  <testcase classname="com.biencaps.erp.testCases.LoginAndForgotPasswordFunctionality" name="verifyLoginEmployeeByGivingInvalidUserIdAndInvalidPassword" time="2.954"/>
  <testcase classname="com.biencaps.erp.testCases.LoginAndForgotPasswordFunctionality" name="verifyForgotPasswordWithoutGivingUserId" time="1.451"/>
  <testcase classname="com.biencaps.erp.testCases.LoginAndForgotPasswordFunctionality" name="verifyLoginEmployeeByGivingValidUserIdAndValidPassword" time="5.068"/>
  <testcase classname="com.biencaps.erp.testCases.LoginAndForgotPasswordFunctionality" name="checkEmployeeNameAfterLoggedIn" time="0.076"/>
  <testcase classname="com.biencaps.erp.testCases.LoginAndForgotPasswordFunctionality" name="goToLoginPage" time="0.0">
    <ignored/>
  </testcase> <!-- goToLoginPage -->
  <testcase classname="com.biencaps.erp.testCases.LoginAndForgotPasswordFunctionality" name="getAllEmployeeDetails" time="0.0">
    <ignored/>
  </testcase> <!-- getAllEmployeeDetails -->
  <testcase classname="com.biencaps.erp.testCases.LoginAndForgotPasswordFunctionality" name="verifyForgotPasswordByGivingUserId" time="0.0">
    <ignored/>
  </testcase> <!-- verifyForgotPasswordByGivingUserId -->
</testsuite> <!-- Login And Forgot Password Functionality -->
