<?xml version="1.0" encoding="UTF-8"?>
<!-- Generated by org.testng.reporters.JUnitXMLReporter -->
<testsuite ignored="1" hostname="DESKTOP-BG83L86" failures="0" tests="5" name="Login And Forgot Passwor Functionality" time="0.452" errors="0" timestamp="2024-04-25T09:41:47 IST">
  <testcase classname="com.biencaps.erp.testCases.LoginAndForgotPasswordFunctionality" name="@BeforeClass goToLoginPage" time="0.331">
    <failure type="java.lang.AssertionError" message="expected [https://erp.biencaps.com/login] but found [https://erp.biencaps.com/dashboard]">
      <![CDATA[java.lang.AssertionError: expected [https://erp.biencaps.com/login] but found [https://erp.biencaps.com/dashboard]
at com.biencaps.erp.testCases.LoginAndForgotPasswordFunctionality.goToLoginPage(LoginAndForgotPasswordFunctionality.java:32)
at java.base/java.util.ArrayList.forEach(ArrayList.java:1511)
... Removed 31 stack frames]]>
    </failure>
  </testcase> <!-- @BeforeClass goToLoginPage -->
  <testcase classname="com.biencaps.erp.testCases.LoginAndForgotPasswordFunctionality" name="verifyLoginEmployeeByGivingValidUserIdAndInvalidPassword" time="0.001">
    <skipped/>
  </testcase> <!-- verifyLoginEmployeeByGivingValidUserIdAndInvalidPassword -->
  <testcase classname="com.biencaps.erp.testCases.LoginAndForgotPasswordFunctionality" name="verifyLoginEmployeeByGivingInvalidUserIdAndValidPassword" time="0.0">
    <skipped/>
  </testcase> <!-- verifyLoginEmployeeByGivingInvalidUserIdAndValidPassword -->
  <testcase classname="com.biencaps.erp.testCases.LoginAndForgotPasswordFunctionality" name="verifyLoginEmployeeByGivingInvalidUserIdAndInvalidPassword" time="0.001">
    <skipped/>
  </testcase> <!-- verifyLoginEmployeeByGivingInvalidUserIdAndInvalidPassword -->
  <testcase classname="com.biencaps.erp.testCases.LoginAndForgotPasswordFunctionality" name="verifyForgotPasswordWithoutGivingUserId" time="0.0">
    <skipped/>
  </testcase> <!-- verifyForgotPasswordWithoutGivingUserId -->
  <testcase classname="com.biencaps.erp.testCases.LoginAndForgotPasswordFunctionality" name="verifyLoginEmployeeByGivingValidUserIdAndValidPassword" time="0.0">
    <skipped/>
  </testcase> <!-- verifyLoginEmployeeByGivingValidUserIdAndValidPassword -->
  <testcase classname="com.biencaps.erp.testCases.LoginAndForgotPasswordFunctionality" name="verifyForgotPasswordByGivingUserId" time="0.0">
    <ignored/>
  </testcase> <!-- verifyForgotPasswordByGivingUserId -->
</testsuite> <!-- Login And Forgot Passwor Functionality -->
