<?xml version="1.0" encoding="UTF-8"?>
<!-- Generated by org.testng.reporters.JUnitXMLReporter -->
<testsuite ignored="0" hostname="DESKTOP-BG83L86" failures="0" tests="4" name="Password Change Functionality" time="25.662" errors="0" timestamp="2024-05-14T16:12:30 IST">
  <testcase classname="in.biencaps.erp.testCases.PasswordChangeFunctionality" name="verifyChangeLoginPassword" time="7.099"/>
  <testcase classname="in.biencaps.erp.testCases.PasswordChangeFunctionality" name="verifyChangeLoginPassword" time="5.775"/>
  <testcase classname="in.biencaps.erp.testCases.PasswordChangeFunctionality" name="verifyChangeLoginPassword" time="5.732"/>
  <testcase classname="in.biencaps.erp.testCases.PasswordChangeFunctionality" name="verifyChangeLoginPassword" time="6.871"/>
</testsuite> <!-- Password Change Functionality -->
