<?xml version="1.0" encoding="UTF-8"?>
<!-- Generated by org.testng.reporters.JUnitXMLReporter -->
<testsuite ignored="9" hostname="DESKTOP-BG83L86" failures="1" tests="5" name="Self Task Submitted Functionality" time="75.548" errors="0" timestamp="2024-05-07T10:12:17 IST">
  <testcase classname="com.biencaps.erp.testCases.SelfTaskSubmittedFunctionality" name="verifySelfTaskSubmittedInDayView" time="15.658"/>
  <testcase classname="com.biencaps.erp.testCases.SelfTaskSubmittedFunctionality" name="verifyTaskSubmittedRequestInMyRequestSection" time="13.8"/>
  <testcase classname="com.biencaps.erp.testCases.SelfTaskSubmittedFunctionality" name="verifyNotificationMessageAndRequestOfEmployeeAtAllHigherAuthority" time="23.453">
    <skipped/>
  </testcase> <!-- verifyNotificationMessageAndRequestOfEmployeeAtAllHigherAuthority -->
  <testcase classname="com.biencaps.erp.testCases.SelfTaskSubmittedFunctionality" name="verifyNotificationMessageAndRequestOfEmployeeAtAllHigherAuthority" time="7.387">
    <failure type="org.openqa.selenium.TimeoutException" message="Expected condition failed: waiting for visibility of element located by By.xpath: (//*[name()=&amp;apos;svg&amp;apos;][@class=&amp;apos;logout-req&amp;apos;])[1] (tried for 7 second(s) with 500 milliseconds interval)
Build info: version: &amp;apos;4.20.0&amp;apos;, revision: &amp;apos;866c76ca80&amp;apos;
System info: os.name: &amp;apos;Windows 10&amp;apos;, os.arch: &amp;apos;amd64&amp;apos;, os.version: &amp;apos;10.0&amp;apos;, java.version: &amp;apos;17.0.8&amp;apos;
Driver info: org.openqa.selenium.chrome.ChromeDriver
Capabilities {acceptInsecureCerts: false, browserName: chrome, browserVersion: 124.0.6367.119, chrome: {chromedriverVersion: 124.0.6367.91 (51df0e5e17a8..., userDataDir: C:\Users\Lenovo\AppData\Loc...}, fedcm:accounts: true, goog:chromeOptions: {debuggerAddress: localhost:57141}, networkConnectionEnabled: false, pageLoadStrategy: normal, platformName: windows, proxy: Proxy(), se:cdp: ws://localhost:57141/devtoo..., se:cdpVersion: 124.0.6367.119, setWindowRect: true, strictFileInteractability: false, timeouts: {implicit: 0, pageLoad: 300000, script: 30000}, unhandledPromptBehavior: dismiss and notify, webauthn:extension:credBlob: true, webauthn:extension:largeBlob: true, webauthn:extension:minPinLength: true, webauthn:extension:prf: true, webauthn:virtualAuthenticators: true}
Session ID: 66197f66723f6fd8e4f22792338c9ef6">
      <![CDATA[org.openqa.selenium.TimeoutException: Expected condition failed: waiting for visibility of element located by By.xpath: (//*[name()='svg'][@class='logout-req'])[1] (tried for 7 second(s) with 500 milliseconds interval)
Build info: version: '4.20.0', revision: '866c76ca80'
System info: os.name: 'Windows 10', os.arch: 'amd64', os.version: '10.0', java.version: '17.0.8'
Driver info: org.openqa.selenium.chrome.ChromeDriver
Capabilities {acceptInsecureCerts: false, browserName: chrome, browserVersion: 124.0.6367.119, chrome: {chromedriverVersion: 124.0.6367.91 (51df0e5e17a8..., userDataDir: C:\Users\Lenovo\AppData\Loc...}, fedcm:accounts: true, goog:chromeOptions: {debuggerAddress: localhost:57141}, networkConnectionEnabled: false, pageLoadStrategy: normal, platformName: windows, proxy: Proxy(), se:cdp: ws://localhost:57141/devtoo..., se:cdpVersion: 124.0.6367.119, setWindowRect: true, strictFileInteractability: false, timeouts: {implicit: 0, pageLoad: 300000, script: 30000}, unhandledPromptBehavior: dismiss and notify, webauthn:extension:credBlob: true, webauthn:extension:largeBlob: true, webauthn:extension:minPinLength: true, webauthn:extension:prf: true, webauthn:virtualAuthenticators: true}
Session ID: 66197f66723f6fd8e4f22792338c9ef6
at org.openqa.selenium.support.ui.WebDriverWait.timeoutException(WebDriverWait.java:84)
at org.openqa.selenium.support.ui.FluentWait.until(FluentWait.java:228)
at com.biencaps.erp.utilities.WebElementActions.clickOnMethod(WebElementActions.java:77)
at com.biencaps.erp.pageObjectModels.DashboardPage.clickOnLogOutIcon(DashboardPage.java:83)
at com.biencaps.erp.testCases.LogoutFunctionality.verifyLogOutEmployee(LogoutFunctionality.java:27)
at com.biencaps.erp.testCases.SelfTaskSubmittedFunctionality.verifyNotificationMessageAndRequestOfEmployeeAtAllHigherAuthority(SelfTaskSubmittedFunctionality.java:102)
at java.base/java.util.ArrayList.forEach(ArrayList.java:1511)
... Removed 27 stack frames]]>
    </failure>
  </testcase> <!-- verifyNotificationMessageAndRequestOfEmployeeAtAllHigherAuthority -->
  <testcase classname="com.biencaps.erp.testCases.SelfTaskSubmittedFunctionality" name="verifyIsRequestActionAndTaskTitlePresentInRequestCardList" time="7.316">
    <skipped/>
  </testcase> <!-- verifyIsRequestActionAndTaskTitlePresentInRequestCardList -->
  <testcase classname="com.biencaps.erp.testCases.SelfTaskSubmittedFunctionality" name="verifyNotificationMessageAtAdminLevelEmployeeSideOfTaskSubmitOfEmployee" time="0.0">
    <ignored/>
  </testcase> <!-- verifyNotificationMessageAtAdminLevelEmployeeSideOfTaskSubmitOfEmployee -->
  <testcase classname="com.biencaps.erp.testCases.SelfTaskSubmittedFunctionality" name="verifyRejectedRequestForTaskSubmitOfEmployeeFromAdminSide" time="0.0">
    <ignored/>
  </testcase> <!-- verifyRejectedRequestForTaskSubmitOfEmployeeFromAdminSide -->
  <testcase classname="com.biencaps.erp.testCases.SelfTaskSubmittedFunctionality" name="verifyLogoutAsEmployeeLoginAsAdminAndCheckAdminName" time="0.0">
    <ignored/>
  </testcase> <!-- verifyLogoutAsEmployeeLoginAsAdminAndCheckAdminName -->
  <testcase classname="com.biencaps.erp.testCases.SelfTaskSubmittedFunctionality" name="verifyRequestForTaskSubmitOfEmployeeByTeamLeadLevelEmployee" time="0.0">
    <ignored/>
  </testcase> <!-- verifyRequestForTaskSubmitOfEmployeeByTeamLeadLevelEmployee -->
  <testcase classname="com.biencaps.erp.testCases.SelfTaskSubmittedFunctionality" name="verifyLogoutAsEmployeeLoginAsLeadLevelEmployeeAndCheckLeadLevelEmployeeName" time="0.0">
    <ignored/>
  </testcase> <!-- verifyLogoutAsEmployeeLoginAsLeadLevelEmployeeAndCheckLeadLevelEmployeeName -->
  <testcase classname="com.biencaps.erp.testCases.SelfTaskSubmittedFunctionality" name="verifyLogoutAsEmployeeLoginAsTeamLeadLevelEmployeeAndCheckTeamLeadLevelEmployeeName" time="0.0">
    <ignored/>
  </testcase> <!-- verifyLogoutAsEmployeeLoginAsTeamLeadLevelEmployeeAndCheckTeamLeadLevelEmployeeName -->
  <testcase classname="com.biencaps.erp.testCases.SelfTaskSubmittedFunctionality" name="verifyRequestForTaskSubmitOfEmployeeByLeadLevelEmployee" time="0.0">
    <ignored/>
  </testcase> <!-- verifyRequestForTaskSubmitOfEmployeeByLeadLevelEmployee -->
  <testcase classname="com.biencaps.erp.testCases.SelfTaskSubmittedFunctionality" name="verifyNotificationMessageAtLeadLevelEmployeeSideOfTaskSubmitOfEmployee" time="0.0">
    <ignored/>
  </testcase> <!-- verifyNotificationMessageAtLeadLevelEmployeeSideOfTaskSubmitOfEmployee -->
  <testcase classname="com.biencaps.erp.testCases.SelfTaskSubmittedFunctionality" name="verifyNotificationMessageAtTeamLeadLevelEmployeeSideOfTaskSubmitOfEmployee" time="0.0">
    <ignored/>
  </testcase> <!-- verifyNotificationMessageAtTeamLeadLevelEmployeeSideOfTaskSubmitOfEmployee -->
</testsuite> <!-- Self Task Submitted Functionality -->
