<?xml version="1.0" encoding="UTF-8"?>
<!-- Generated by org.testng.reporters.JUnitXMLReporter -->
<testsuite ignored="1" hostname="DESKTOP-BG83L86" failures="1" tests="12" name="Self Task Update Functionality" time="158.541" errors="0" timestamp="2024-05-04T14:11:20 IST">
  <testcase classname="com.biencaps.erp.testCases.SelfTaskUpdateFunctionality" name="verifyLastTaskDetailsInDayView" time="15.182"/>
  <testcase classname="com.biencaps.erp.testCases.SelfTaskUpdateFunctionality" name="verifyUpdateSelfTaskTitleFromDayViewAndCheckTaskTitleAndLogs" time="16.472"/>
  <testcase classname="com.biencaps.erp.testCases.SelfTaskUpdateFunctionality" name="verifyUpdateSelfTaskStatusFromDayViewAndCheckTaskStatusAndLogs" time="14.14"/>
  <testcase classname="com.biencaps.erp.testCases.SelfTaskUpdateFunctionality" name="verifyUpdateSelfTaskPriorityFromDayViewAndCheckTaskPriorityAndLogs" time="13.707"/>
  <testcase classname="com.biencaps.erp.testCases.SelfTaskUpdateFunctionality" name="verifyUpdateSelfTaskDueDateFromDayViewAndCheckTaskDueDateAndLogs" time="14.828"/>
  <testcase classname="com.biencaps.erp.testCases.SelfTaskUpdateFunctionality" name="verifyUpdateSelfTaskDepartmentFromDayViewAndCheckTaskDepartmentAndLogs" time="14.525"/>
  <testcase classname="com.biencaps.erp.testCases.SelfTaskUpdateFunctionality" name="verifyUpdateSelfTaskGitlinkFromDayViewWithoutSelectingProject" time="2.603"/>
  <testcase classname="com.biencaps.erp.testCases.SelfTaskUpdateFunctionality" name="verifyUpdateSelfTaskProjectFromDayViewAndCheckTaskProjectAndLogs" time="14.781"/>
  <testcase classname="com.biencaps.erp.testCases.SelfTaskUpdateFunctionality" name="verifyUpdateSelfTaskGitlinkByGivingInvalidGitlinkFromDayViewAndCheckTaskGitlinkAndLogs" time="6.232"/>
  <testcase classname="com.biencaps.erp.testCases.SelfTaskUpdateFunctionality" name="verifyUpdateSelfTaskGitlinkByGivingValidGitlinkFromDayViewAndCheckTaskGitlinkAndLogs" time="13.773"/>
  <testcase classname="com.biencaps.erp.testCases.SelfTaskUpdateFunctionality" name="verifyUpdateSelfTaskVerifiedStatusFromDayViewAndCheckTaskVerifiedStatusAndLogs" time="9.854">
    <failure type="org.openqa.selenium.TimeoutException" message="Expected condition failed: waiting for visibility of all elements located by By.xpath: //div[@class=&amp;apos;listOfVerifiedWrapper&amp;apos;]//div (tried for 7 second(s) with 500 milliseconds interval)
Build info: version: &amp;apos;4.20.0&amp;apos;, revision: &amp;apos;866c76ca80&amp;apos;
System info: os.name: &amp;apos;Windows 10&amp;apos;, os.arch: &amp;apos;amd64&amp;apos;, os.version: &amp;apos;10.0&amp;apos;, java.version: &amp;apos;17.0.8&amp;apos;
Driver info: org.openqa.selenium.chrome.ChromeDriver
Capabilities {acceptInsecureCerts: false, browserName: chrome, browserVersion: 124.0.6367.119, chrome: {chromedriverVersion: 124.0.6367.91 (51df0e5e17a8..., userDataDir: C:\Users\Lenovo\AppData\Loc...}, fedcm:accounts: true, goog:chromeOptions: {debuggerAddress: localhost:62337}, networkConnectionEnabled: false, pageLoadStrategy: normal, platformName: windows, proxy: Proxy(), se:cdp: ws://localhost:62337/devtoo..., se:cdpVersion: 124.0.6367.119, setWindowRect: true, strictFileInteractability: false, timeouts: {implicit: 0, pageLoad: 300000, script: 30000}, unhandledPromptBehavior: dismiss and notify, webauthn:extension:credBlob: true, webauthn:extension:largeBlob: true, webauthn:extension:minPinLength: true, webauthn:extension:prf: true, webauthn:virtualAuthenticators: true}
Session ID: 1d02dea901232dbecef573dab2fbcfaf">
      <![CDATA[org.openqa.selenium.TimeoutException: Expected condition failed: waiting for visibility of all elements located by By.xpath: //div[@class='listOfVerifiedWrapper']//div (tried for 7 second(s) with 500 milliseconds interval)
Build info: version: '4.20.0', revision: '866c76ca80'
System info: os.name: 'Windows 10', os.arch: 'amd64', os.version: '10.0', java.version: '17.0.8'
Driver info: org.openqa.selenium.chrome.ChromeDriver
Capabilities {acceptInsecureCerts: false, browserName: chrome, browserVersion: 124.0.6367.119, chrome: {chromedriverVersion: 124.0.6367.91 (51df0e5e17a8..., userDataDir: C:\Users\Lenovo\AppData\Loc...}, fedcm:accounts: true, goog:chromeOptions: {debuggerAddress: localhost:62337}, networkConnectionEnabled: false, pageLoadStrategy: normal, platformName: windows, proxy: Proxy(), se:cdp: ws://localhost:62337/devtoo..., se:cdpVersion: 124.0.6367.119, setWindowRect: true, strictFileInteractability: false, timeouts: {implicit: 0, pageLoad: 300000, script: 30000}, unhandledPromptBehavior: dismiss and notify, webauthn:extension:credBlob: true, webauthn:extension:largeBlob: true, webauthn:extension:minPinLength: true, webauthn:extension:prf: true, webauthn:virtualAuthenticators: true}
Session ID: 1d02dea901232dbecef573dab2fbcfaf
at org.openqa.selenium.support.ui.WebDriverWait.timeoutException(WebDriverWait.java:84)
at org.openqa.selenium.support.ui.FluentWait.until(FluentWait.java:228)
at com.biencaps.erp.utilities.WebElementActions.sizeOfListOfWebElement(WebElementActions.java:31)
at com.biencaps.erp.pageObjectModels.MyTasksPage.checkSelectedTaskVerifiedStatusValueFromDropdownInDayView(MyTasksPage.java:771)
at com.biencaps.erp.testCases.SelfTaskUpdateFunctionality.verifyUpdateSelfTaskVerifiedStatusFromDayViewAndCheckTaskVerifiedStatusAndLogs(SelfTaskUpdateFunctionality.java:590)
at java.base/java.util.ArrayList.forEach(ArrayList.java:1511)
... Removed 27 stack frames]]>
    </failure>
  </testcase> <!-- verifyUpdateSelfTaskVerifiedStatusFromDayViewAndCheckTaskVerifiedStatusAndLogs -->
  <testcase classname="com.biencaps.erp.testCases.SelfTaskUpdateFunctionality" name="verifyUpdateSelfTaskCommentFromDayViewAndCheckTaskCommentAndLogs" time="22.415"/>
  <testcase classname="com.biencaps.erp.testCases.SelfTaskUpdateFunctionality" name="verifyUpdateSelfTaskTimeFromDayViewAndCheckTaskTimeAndLogs" time="0.0">
    <ignored/>
  </testcase> <!-- verifyUpdateSelfTaskTimeFromDayViewAndCheckTaskTimeAndLogs -->
</testsuite> <!-- Self Task Update Functionality -->
