<?xml version="1.0" encoding="UTF-8"?>
<!-- Generated by org.testng.reporters.JUnitXMLReporter -->
<testsuite ignored="3" hostname="DESKTOP-BG83L86" failures="0" tests="23" name="Test1" time="209.895" errors="0" timestamp="2024-05-17T16:35:48 IST">
  <testcase classname="in.biencaps.erp.testCases.LoginAndForgotPasswordTests" name="verify_Forgot_Password_Without_Giving_UserId" time="0.847"/>
  <testcase classname="in.biencaps.erp.testCases.LoginAndForgotPasswordTests" name="verify_Login_Employee_With_Valid_And_Invalid_Credentails" time="2.956"/>
  <testcase classname="in.biencaps.erp.testCases.LoginAndForgotPasswordTests" name="verify_Login_Employee_With_Valid_And_Invalid_Credentails" time="1.799"/>
  <testcase classname="in.biencaps.erp.testCases.LoginAndForgotPasswordTests" name="verify_Login_Employee_With_Valid_And_Invalid_Credentails" time="1.789"/>
  <testcase classname="in.biencaps.erp.testCases.LoginAndForgotPasswordTests" name="verify_Login_Employee_With_Valid_And_Invalid_Credentails" time="2.887"/>
  <testcase classname="in.biencaps.erp.testCases.LoginAndForgotPasswordTests" name="verify_Employee_Name_After_Logged_In" time="0.265"/>
  <testcase classname="in.biencaps.erp.testCases.AddUpdateAssignTaskAndCheckAtEmployeeSideTests" name="verify_Assign_Task_From_Level" time="12.491"/>
  <testcase classname="in.biencaps.erp.testCases.AddUpdateAssignTaskAndCheckAtEmployeeSideTests" name="verify_Task_Added_From_Level_View_By_Higher_Authority_In_Employee_Day_View" time="9.274"/>
  <testcase classname="in.biencaps.erp.testCases.AddUpdateAssignTaskAndCheckAtEmployeeSideTests" name="verify_Notification_After_Assigned_Task_From_Higher_Authority_At_Lower_Level_Employee_Side" time="19.224"/>
  <testcase classname="in.biencaps.erp.testCases.AddUpdateAssignTaskAndCheckAtEmployeeSideTests" name="verify_Assigned_Task_Details_In_Day_View_And_Week_View_And_Log_Message" time="21.953"/>
  <testcase classname="in.biencaps.erp.testCases.AddUpdateAssignTaskAndCheckAtEmployeeSideTests" name="verify_Last_Task_Details_In_Day_View" time="5.568"/>
  <testcase classname="in.biencaps.erp.testCases.AddUpdateAssignTaskAndCheckAtEmployeeSideTests" name="verify_Assign_Task_Title_Update_And_Check_Request_In_My_Request_Card" time="11.644"/>
  <testcase classname="in.biencaps.erp.testCases.AddUpdateAssignTaskAndCheckAtEmployeeSideTests" name="verify_Notification_Message_And_Request_Of_Employee_At_All_Higher_Authority_Of_Task_Title_Change" time="16.96"/>
  <testcase classname="in.biencaps.erp.testCases.AddUpdateAssignTaskAndCheckAtEmployeeSideTests" name="rejectTaskTitleChangeRequestByHigherAuthority" time="8.442"/>
  <testcase classname="in.biencaps.erp.testCases.AddUpdateAssignTaskAndCheckAtEmployeeSideTests" name="verify_Notification_Message_Of_Request_Rejected_By_Higher_Authority_At_Employee_Side" time="6.105"/>
  <testcase classname="in.biencaps.erp.testCases.AddUpdateAssignTaskAndCheckAtEmployeeSideTests" name="verify_Log_Message_After_Task_Title_Change_Request_Rejected" time="11.814"/>
  <testcase classname="in.biencaps.erp.testCases.AddUpdateAssignTaskAndCheckAtEmployeeSideTests" name="verify_Task_Request_In_My_Request_Section_After_Rejected_Task_Title_Change_Request" time="9.673"/>
  <testcase classname="in.biencaps.erp.testCases.AddUpdateAssignTaskAndCheckAtEmployeeSideTests" name="verify_Assign_Task_Title_Again_Update_And_Check_Request_In_My_Request_Card" time="13.495"/>
  <testcase classname="in.biencaps.erp.testCases.AddUpdateAssignTaskAndCheckAtEmployeeSideTests" name="verify_Notification_Message_And_Request_Of_Employee_At_All_Higher_Authority_Of_Task_Title_Again_Change" time="16.857"/>
  <testcase classname="in.biencaps.erp.testCases.AddUpdateAssignTaskAndCheckAtEmployeeSideTests" name="acceptTaskTitleChangeRequestByHigherAuthority" time="6.43"/>
  <testcase classname="in.biencaps.erp.testCases.AddUpdateAssignTaskAndCheckAtEmployeeSideTests" name="verify_Notification_Message_Of_Request_Accepted_By_Higher_Authority_At_Employee_Side" time="5.964"/>
  <testcase classname="in.biencaps.erp.testCases.AddUpdateAssignTaskAndCheckAtEmployeeSideTests" name="verify_Log_Message_After_Task_Title_Change_Request_Accepted" time="13.214"/>
  <testcase classname="in.biencaps.erp.testCases.AddUpdateAssignTaskAndCheckAtEmployeeSideTests" name="verify_Task_Request_In_My_Request_Section_After_Accepted_Task_Title_Change_Request" time="9.644"/>
  <testcase classname="in.biencaps.erp.testCases.BaseTest" name="@BeforeSuite launch_The_Website" time="0.0">
    <ignored/>
  </testcase> <!-- @BeforeSuite launch_The_Website -->
  <testcase classname="in.biencaps.erp.testCases.BaseTest" name="@AfterSuite tear_Down" time="0.0">
    <ignored/>
  </testcase> <!-- @AfterSuite tear_Down -->
  <testcase classname="in.biencaps.erp.testCases.LoginAndForgotPasswordTests" name="verify_Forgot_Password_By_Giving_Valid_UserId" time="0.0">
    <ignored/>
  </testcase> <!-- verify_Forgot_Password_By_Giving_Valid_UserId -->
</testsuite> <!-- Test1 -->
