<?xml version="1.0" encoding="UTF-8"?>
<!-- Generated by org.testng.reporters.JUnitXMLReporter -->
<testsuite ignored="1" hostname="DESKTOP-BG83L86" failures="0" tests="1" name="Forgot Password Functionality" time="1.006" errors="0" timestamp="2024-04-24T17:53:21 IST">
  <testcase classname="com.biencaps.erp.testCases.ForgotPasswordFunctionality" name="verifyForgotPasswordWithoutGivingUserId" time="0.962"/>
  <testcase classname="com.biencaps.erp.testCases.ForgotPasswordFunctionality" name="verifyForgotPasswordByGivingUserId" time="0.0">
    <ignored/>
  </testcase> <!-- verifyForgotPasswordByGivingUserId -->
</testsuite> <!-- Forgot Password Functionality -->
