<?xml version="1.0" encoding="UTF-8"?>
<testng-results ignored="0" total="23" passed="23" failed="0" skipped="0">
  <reporter-output>
  </reporter-output>
  <suite started-at="2024-05-17T16:32:18 IST" name="Suite" finished-at="2024-05-17T16:35:48 IST" duration-ms="209895">
    <groups>
    </groups>
    <test started-at="2024-05-17T16:32:18 IST" name="Test1" finished-at="2024-05-17T16:35:48 IST" duration-ms="209895">
      <class name="in.biencaps.erp.testCases.AddUpdateAssignTaskAndCheckAtEmployeeSideTests">
        <test-method is-config="true" signature="extent_Report_Setup()[pri:0, instance:in.biencaps.erp.testCases.AddUpdateAssignTaskAndCheckAtEmployeeSideTests@bff34c6]" started-at="2024-05-17T16:32:29 IST" name="extent_Report_Setup" finished-at="2024-05-17T16:32:29 IST" duration-ms="1" status="PASS">
          <reporter-output>
          </reporter-output>
        </test-method> <!-- extent_Report_Setup -->
        <test-method is-config="true" signature="create_Extent_Report_For_Each_Test_Method(java.lang.reflect.Method)[pri:0, instance:in.biencaps.erp.testCases.AddUpdateAssignTaskAndCheckAtEmployeeSideTests@bff34c6]" started-at="2024-05-17T16:32:29 IST" name="create_Extent_Report_For_Each_Test_Method" finished-at="2024-05-17T16:32:29 IST" duration-ms="1" status="PASS">
          <params>
            <param index="0">
              <value>
                <![CDATA[public void in.biencaps.erp.testCases.AddUpdateAssignTaskAndCheckAtEmployeeSideTests.verify_Assign_Task_From_Level() throws java.lang.InterruptedException]]>
              </value>
            </param>
          </params>
          <reporter-output>
          </reporter-output>
        </test-method> <!-- create_Extent_Report_For_Each_Test_Method -->
        <test-method signature="verify_Assign_Task_From_Level()[pri:1, instance:in.biencaps.erp.testCases.AddUpdateAssignTaskAndCheckAtEmployeeSideTests@bff34c6]" started-at="2024-05-17T16:32:29 IST" name="verify_Assign_Task_From_Level" finished-at="2024-05-17T16:32:42 IST" duration-ms="12491" status="PASS">
          <reporter-output>
          </reporter-output>
        </test-method> <!-- verify_Assign_Task_From_Level -->
        <test-method is-config="true" signature="test_Method_Exection_Result(org.testng.ITestResult)[pri:0, instance:in.biencaps.erp.testCases.AddUpdateAssignTaskAndCheckAtEmployeeSideTests@bff34c6]" started-at="2024-05-17T16:32:42 IST" name="test_Method_Exection_Result" finished-at="2024-05-17T16:32:42 IST" duration-ms="1" status="PASS">
          <params>
            <param index="0">
              <value>
                <![CDATA[[TestResult name=verify_Assign_Task_From_Level status=SUCCESS method=AddUpdateAssignTaskAndCheckAtEmployeeSideTests.verify_Assign_Task_From_Level()[pri:1, instance:in.biencaps.erp.testCases.AddUpdateAssignTaskAndCheckAtEmployeeSideTests@bff34c6] output={null}]]]>
              </value>
            </param>
          </params>
          <reporter-output>
          </reporter-output>
        </test-method> <!-- test_Method_Exection_Result -->
        <test-method signature="verify_Task_Added_From_Level_View_By_Higher_Authority_In_Employee_Day_View()[pri:2, instance:in.biencaps.erp.testCases.AddUpdateAssignTaskAndCheckAtEmployeeSideTests@bff34c6]" started-at="2024-05-17T16:32:42 IST" name="verify_Task_Added_From_Level_View_By_Higher_Authority_In_Employee_Day_View" finished-at="2024-05-17T16:32:51 IST" duration-ms="9274" status="PASS">
          <reporter-output>
          </reporter-output>
        </test-method> <!-- verify_Task_Added_From_Level_View_By_Higher_Authority_In_Employee_Day_View -->
        <test-method is-config="true" signature="create_Extent_Report_For_Each_Test_Method(java.lang.reflect.Method)[pri:0, instance:in.biencaps.erp.testCases.AddUpdateAssignTaskAndCheckAtEmployeeSideTests@bff34c6]" started-at="2024-05-17T16:32:42 IST" name="create_Extent_Report_For_Each_Test_Method" finished-at="2024-05-17T16:32:42 IST" duration-ms="0" status="PASS">
          <params>
            <param index="0">
              <value>
                <![CDATA[public void in.biencaps.erp.testCases.AddUpdateAssignTaskAndCheckAtEmployeeSideTests.verify_Task_Added_From_Level_View_By_Higher_Authority_In_Employee_Day_View() throws java.lang.InterruptedException]]>
              </value>
            </param>
          </params>
          <reporter-output>
          </reporter-output>
        </test-method> <!-- create_Extent_Report_For_Each_Test_Method -->
        <test-method is-config="true" signature="test_Method_Exection_Result(org.testng.ITestResult)[pri:0, instance:in.biencaps.erp.testCases.AddUpdateAssignTaskAndCheckAtEmployeeSideTests@bff34c6]" started-at="2024-05-17T16:32:51 IST" name="test_Method_Exection_Result" finished-at="2024-05-17T16:32:51 IST" duration-ms="0" status="PASS">
          <params>
            <param index="0">
              <value>
                <![CDATA[[TestResult name=verify_Task_Added_From_Level_View_By_Higher_Authority_In_Employee_Day_View status=SUCCESS method=AddUpdateAssignTaskAndCheckAtEmployeeSideTests.verify_Task_Added_From_Level_View_By_Higher_Authority_In_Employee_Day_View()[pri:2, instance:in.biencaps.erp.testCases.AddUpdateAssignTaskAndCheckAtEmployeeSideTests@bff34c6] output={null}]]]>
              </value>
            </param>
          </params>
          <reporter-output>
          </reporter-output>
        </test-method> <!-- test_Method_Exection_Result -->
        <test-method is-config="true" signature="create_Extent_Report_For_Each_Test_Method(java.lang.reflect.Method)[pri:0, instance:in.biencaps.erp.testCases.AddUpdateAssignTaskAndCheckAtEmployeeSideTests@bff34c6]" started-at="2024-05-17T16:32:51 IST" name="create_Extent_Report_For_Each_Test_Method" finished-at="2024-05-17T16:32:51 IST" duration-ms="0" status="PASS">
          <params>
            <param index="0">
              <value>
                <![CDATA[public void in.biencaps.erp.testCases.AddUpdateAssignTaskAndCheckAtEmployeeSideTests.verify_Notification_After_Assigned_Task_From_Higher_Authority_At_Lower_Level_Employee_Side() throws java.lang.InterruptedException]]>
              </value>
            </param>
          </params>
          <reporter-output>
          </reporter-output>
        </test-method> <!-- create_Extent_Report_For_Each_Test_Method -->
        <test-method signature="verify_Notification_After_Assigned_Task_From_Higher_Authority_At_Lower_Level_Employee_Side()[pri:3, instance:in.biencaps.erp.testCases.AddUpdateAssignTaskAndCheckAtEmployeeSideTests@bff34c6]" started-at="2024-05-17T16:32:51 IST" name="verify_Notification_After_Assigned_Task_From_Higher_Authority_At_Lower_Level_Employee_Side" finished-at="2024-05-17T16:33:10 IST" duration-ms="19224" status="PASS">
          <reporter-output>
          </reporter-output>
        </test-method> <!-- verify_Notification_After_Assigned_Task_From_Higher_Authority_At_Lower_Level_Employee_Side -->
        <test-method is-config="true" signature="test_Method_Exection_Result(org.testng.ITestResult)[pri:0, instance:in.biencaps.erp.testCases.AddUpdateAssignTaskAndCheckAtEmployeeSideTests@bff34c6]" started-at="2024-05-17T16:33:10 IST" name="test_Method_Exection_Result" finished-at="2024-05-17T16:33:10 IST" duration-ms="0" status="PASS">
          <params>
            <param index="0">
              <value>
                <![CDATA[[TestResult name=verify_Notification_After_Assigned_Task_From_Higher_Authority_At_Lower_Level_Employee_Side status=SUCCESS method=AddUpdateAssignTaskAndCheckAtEmployeeSideTests.verify_Notification_After_Assigned_Task_From_Higher_Authority_At_Lower_Level_Employee_Side()[pri:3, instance:in.biencaps.erp.testCases.AddUpdateAssignTaskAndCheckAtEmployeeSideTests@bff34c6] output={null}]]]>
              </value>
            </param>
          </params>
          <reporter-output>
          </reporter-output>
        </test-method> <!-- test_Method_Exection_Result -->
        <test-method signature="verify_Assigned_Task_Details_In_Day_View_And_Week_View_And_Log_Message()[pri:4, instance:in.biencaps.erp.testCases.AddUpdateAssignTaskAndCheckAtEmployeeSideTests@bff34c6]" started-at="2024-05-17T16:33:10 IST" name="verify_Assigned_Task_Details_In_Day_View_And_Week_View_And_Log_Message" finished-at="2024-05-17T16:33:32 IST" duration-ms="21953" status="PASS">
          <reporter-output>
          </reporter-output>
        </test-method> <!-- verify_Assigned_Task_Details_In_Day_View_And_Week_View_And_Log_Message -->
        <test-method is-config="true" signature="create_Extent_Report_For_Each_Test_Method(java.lang.reflect.Method)[pri:0, instance:in.biencaps.erp.testCases.AddUpdateAssignTaskAndCheckAtEmployeeSideTests@bff34c6]" started-at="2024-05-17T16:33:10 IST" name="create_Extent_Report_For_Each_Test_Method" finished-at="2024-05-17T16:33:10 IST" duration-ms="0" status="PASS">
          <params>
            <param index="0">
              <value>
                <![CDATA[public void in.biencaps.erp.testCases.AddUpdateAssignTaskAndCheckAtEmployeeSideTests.verify_Assigned_Task_Details_In_Day_View_And_Week_View_And_Log_Message() throws java.lang.InterruptedException]]>
              </value>
            </param>
          </params>
          <reporter-output>
          </reporter-output>
        </test-method> <!-- create_Extent_Report_For_Each_Test_Method -->
        <test-method is-config="true" signature="test_Method_Exection_Result(org.testng.ITestResult)[pri:0, instance:in.biencaps.erp.testCases.AddUpdateAssignTaskAndCheckAtEmployeeSideTests@bff34c6]" started-at="2024-05-17T16:33:32 IST" name="test_Method_Exection_Result" finished-at="2024-05-17T16:33:32 IST" duration-ms="1" status="PASS">
          <params>
            <param index="0">
              <value>
                <![CDATA[[TestResult name=verify_Assigned_Task_Details_In_Day_View_And_Week_View_And_Log_Message status=SUCCESS method=AddUpdateAssignTaskAndCheckAtEmployeeSideTests.verify_Assigned_Task_Details_In_Day_View_And_Week_View_And_Log_Message()[pri:4, instance:in.biencaps.erp.testCases.AddUpdateAssignTaskAndCheckAtEmployeeSideTests@bff34c6] output={null}]]]>
              </value>
            </param>
          </params>
          <reporter-output>
          </reporter-output>
        </test-method> <!-- test_Method_Exection_Result -->
        <test-method is-config="true" signature="create_Extent_Report_For_Each_Test_Method(java.lang.reflect.Method)[pri:0, instance:in.biencaps.erp.testCases.AddUpdateAssignTaskAndCheckAtEmployeeSideTests@bff34c6]" started-at="2024-05-17T16:33:32 IST" name="create_Extent_Report_For_Each_Test_Method" finished-at="2024-05-17T16:33:32 IST" duration-ms="1" status="PASS">
          <params>
            <param index="0">
              <value>
                <![CDATA[public void in.biencaps.erp.testCases.AddUpdateAssignTaskAndCheckAtEmployeeSideTests.verify_Last_Task_Details_In_Day_View() throws java.lang.InterruptedException]]>
              </value>
            </param>
          </params>
          <reporter-output>
          </reporter-output>
        </test-method> <!-- create_Extent_Report_For_Each_Test_Method -->
        <test-method signature="verify_Last_Task_Details_In_Day_View()[pri:5, instance:in.biencaps.erp.testCases.AddUpdateAssignTaskAndCheckAtEmployeeSideTests@bff34c6]" started-at="2024-05-17T16:33:32 IST" name="verify_Last_Task_Details_In_Day_View" finished-at="2024-05-17T16:33:38 IST" duration-ms="5568" status="PASS">
          <reporter-output>
          </reporter-output>
        </test-method> <!-- verify_Last_Task_Details_In_Day_View -->
        <test-method is-config="true" signature="test_Method_Exection_Result(org.testng.ITestResult)[pri:0, instance:in.biencaps.erp.testCases.AddUpdateAssignTaskAndCheckAtEmployeeSideTests@bff34c6]" started-at="2024-05-17T16:33:38 IST" name="test_Method_Exection_Result" finished-at="2024-05-17T16:33:38 IST" duration-ms="1" status="PASS">
          <params>
            <param index="0">
              <value>
                <![CDATA[[TestResult name=verify_Last_Task_Details_In_Day_View status=SUCCESS method=AddUpdateAssignTaskAndCheckAtEmployeeSideTests.verify_Last_Task_Details_In_Day_View()[pri:5, instance:in.biencaps.erp.testCases.AddUpdateAssignTaskAndCheckAtEmployeeSideTests@bff34c6] output={null}]]]>
              </value>
            </param>
          </params>
          <reporter-output>
          </reporter-output>
        </test-method> <!-- test_Method_Exection_Result -->
        <test-method is-config="true" signature="create_Extent_Report_For_Each_Test_Method(java.lang.reflect.Method)[pri:0, instance:in.biencaps.erp.testCases.AddUpdateAssignTaskAndCheckAtEmployeeSideTests@bff34c6]" started-at="2024-05-17T16:33:38 IST" name="create_Extent_Report_For_Each_Test_Method" finished-at="2024-05-17T16:33:38 IST" duration-ms="0" status="PASS">
          <params>
            <param index="0">
              <value>
                <![CDATA[public void in.biencaps.erp.testCases.AddUpdateAssignTaskAndCheckAtEmployeeSideTests.verify_Assign_Task_Title_Update_And_Check_Request_In_My_Request_Card() throws java.lang.InterruptedException]]>
              </value>
            </param>
          </params>
          <reporter-output>
          </reporter-output>
        </test-method> <!-- create_Extent_Report_For_Each_Test_Method -->
        <test-method signature="verify_Assign_Task_Title_Update_And_Check_Request_In_My_Request_Card()[pri:6, instance:in.biencaps.erp.testCases.AddUpdateAssignTaskAndCheckAtEmployeeSideTests@bff34c6]" started-at="2024-05-17T16:33:38 IST" name="verify_Assign_Task_Title_Update_And_Check_Request_In_My_Request_Card" finished-at="2024-05-17T16:33:50 IST" duration-ms="11644" status="PASS">
          <reporter-output>
          </reporter-output>
        </test-method> <!-- verify_Assign_Task_Title_Update_And_Check_Request_In_My_Request_Card -->
        <test-method is-config="true" signature="test_Method_Exection_Result(org.testng.ITestResult)[pri:0, instance:in.biencaps.erp.testCases.AddUpdateAssignTaskAndCheckAtEmployeeSideTests@bff34c6]" started-at="2024-05-17T16:33:50 IST" name="test_Method_Exection_Result" finished-at="2024-05-17T16:33:50 IST" duration-ms="1" status="PASS">
          <params>
            <param index="0">
              <value>
                <![CDATA[[TestResult name=verify_Assign_Task_Title_Update_And_Check_Request_In_My_Request_Card status=SUCCESS method=AddUpdateAssignTaskAndCheckAtEmployeeSideTests.verify_Assign_Task_Title_Update_And_Check_Request_In_My_Request_Card()[pri:6, instance:in.biencaps.erp.testCases.AddUpdateAssignTaskAndCheckAtEmployeeSideTests@bff34c6] output={null}]]]>
              </value>
            </param>
          </params>
          <reporter-output>
          </reporter-output>
        </test-method> <!-- test_Method_Exection_Result -->
        <test-method signature="verify_Notification_Message_And_Request_Of_Employee_At_All_Higher_Authority_Of_Task_Title_Change()[pri:7, instance:in.biencaps.erp.testCases.AddUpdateAssignTaskAndCheckAtEmployeeSideTests@bff34c6]" started-at="2024-05-17T16:33:50 IST" name="verify_Notification_Message_And_Request_Of_Employee_At_All_Higher_Authority_Of_Task_Title_Change" finished-at="2024-05-17T16:34:06 IST" duration-ms="16960" status="PASS">
          <reporter-output>
          </reporter-output>
        </test-method> <!-- verify_Notification_Message_And_Request_Of_Employee_At_All_Higher_Authority_Of_Task_Title_Change -->
        <test-method is-config="true" signature="create_Extent_Report_For_Each_Test_Method(java.lang.reflect.Method)[pri:0, instance:in.biencaps.erp.testCases.AddUpdateAssignTaskAndCheckAtEmployeeSideTests@bff34c6]" started-at="2024-05-17T16:33:50 IST" name="create_Extent_Report_For_Each_Test_Method" finished-at="2024-05-17T16:33:50 IST" duration-ms="0" status="PASS">
          <params>
            <param index="0">
              <value>
                <![CDATA[public void in.biencaps.erp.testCases.AddUpdateAssignTaskAndCheckAtEmployeeSideTests.verify_Notification_Message_And_Request_Of_Employee_At_All_Higher_Authority_Of_Task_Title_Change() throws java.lang.InterruptedException]]>
              </value>
            </param>
          </params>
          <reporter-output>
          </reporter-output>
        </test-method> <!-- create_Extent_Report_For_Each_Test_Method -->
        <test-method is-config="true" signature="test_Method_Exection_Result(org.testng.ITestResult)[pri:0, instance:in.biencaps.erp.testCases.AddUpdateAssignTaskAndCheckAtEmployeeSideTests@bff34c6]" started-at="2024-05-17T16:34:06 IST" name="test_Method_Exection_Result" finished-at="2024-05-17T16:34:06 IST" duration-ms="1" status="PASS">
          <params>
            <param index="0">
              <value>
                <![CDATA[[TestResult name=verify_Notification_Message_And_Request_Of_Employee_At_All_Higher_Authority_Of_Task_Title_Change status=SUCCESS method=AddUpdateAssignTaskAndCheckAtEmployeeSideTests.verify_Notification_Message_And_Request_Of_Employee_At_All_Higher_Authority_Of_Task_Title_Change()[pri:7, instance:in.biencaps.erp.testCases.AddUpdateAssignTaskAndCheckAtEmployeeSideTests@bff34c6] output={null}]]]>
              </value>
            </param>
          </params>
          <reporter-output>
          </reporter-output>
        </test-method> <!-- test_Method_Exection_Result -->
        <test-method signature="rejectTaskTitleChangeRequestByHigherAuthority()[pri:0, instance:in.biencaps.erp.testCases.AddUpdateAssignTaskAndCheckAtEmployeeSideTests@bff34c6]" started-at="2024-05-17T16:34:06 IST" name="rejectTaskTitleChangeRequestByHigherAuthority" finished-at="2024-05-17T16:34:15 IST" depends-on-methods="in.biencaps.erp.testCases.AddUpdateAssignTaskAndCheckAtEmployeeSideTests.verify_Notification_Message_And_Request_Of_Employee_At_All_Higher_Authority_Of_Task_Title_Change" duration-ms="8442" status="PASS">
          <reporter-output>
          </reporter-output>
        </test-method> <!-- rejectTaskTitleChangeRequestByHigherAuthority -->
        <test-method is-config="true" signature="create_Extent_Report_For_Each_Test_Method(java.lang.reflect.Method)[pri:0, instance:in.biencaps.erp.testCases.AddUpdateAssignTaskAndCheckAtEmployeeSideTests@bff34c6]" started-at="2024-05-17T16:34:06 IST" name="create_Extent_Report_For_Each_Test_Method" finished-at="2024-05-17T16:34:06 IST" duration-ms="0" status="PASS">
          <params>
            <param index="0">
              <value>
                <![CDATA[public void in.biencaps.erp.testCases.AddUpdateAssignTaskAndCheckAtEmployeeSideTests.rejectTaskTitleChangeRequestByHigherAuthority() throws java.lang.InterruptedException]]>
              </value>
            </param>
          </params>
          <reporter-output>
          </reporter-output>
        </test-method> <!-- create_Extent_Report_For_Each_Test_Method -->
        <test-method is-config="true" signature="test_Method_Exection_Result(org.testng.ITestResult)[pri:0, instance:in.biencaps.erp.testCases.AddUpdateAssignTaskAndCheckAtEmployeeSideTests@bff34c6]" started-at="2024-05-17T16:34:15 IST" name="test_Method_Exection_Result" finished-at="2024-05-17T16:34:15 IST" duration-ms="0" status="PASS">
          <params>
            <param index="0">
              <value>
                <![CDATA[[TestResult name=rejectTaskTitleChangeRequestByHigherAuthority status=SUCCESS method=AddUpdateAssignTaskAndCheckAtEmployeeSideTests.rejectTaskTitleChangeRequestByHigherAuthority()[pri:0, instance:in.biencaps.erp.testCases.AddUpdateAssignTaskAndCheckAtEmployeeSideTests@bff34c6] output={null}]]]>
              </value>
            </param>
          </params>
          <reporter-output>
          </reporter-output>
        </test-method> <!-- test_Method_Exection_Result -->
        <test-method is-config="true" signature="create_Extent_Report_For_Each_Test_Method(java.lang.reflect.Method)[pri:0, instance:in.biencaps.erp.testCases.AddUpdateAssignTaskAndCheckAtEmployeeSideTests@bff34c6]" started-at="2024-05-17T16:34:15 IST" name="create_Extent_Report_For_Each_Test_Method" finished-at="2024-05-17T16:34:15 IST" duration-ms="0" status="PASS">
          <params>
            <param index="0">
              <value>
                <![CDATA[public void in.biencaps.erp.testCases.AddUpdateAssignTaskAndCheckAtEmployeeSideTests.verify_Notification_Message_Of_Request_Rejected_By_Higher_Authority_At_Employee_Side() throws java.lang.InterruptedException]]>
              </value>
            </param>
          </params>
          <reporter-output>
          </reporter-output>
        </test-method> <!-- create_Extent_Report_For_Each_Test_Method -->
        <test-method signature="verify_Notification_Message_Of_Request_Rejected_By_Higher_Authority_At_Employee_Side()[pri:8, instance:in.biencaps.erp.testCases.AddUpdateAssignTaskAndCheckAtEmployeeSideTests@bff34c6]" started-at="2024-05-17T16:34:15 IST" name="verify_Notification_Message_Of_Request_Rejected_By_Higher_Authority_At_Employee_Side" finished-at="2024-05-17T16:34:21 IST" duration-ms="6105" status="PASS">
          <reporter-output>
          </reporter-output>
        </test-method> <!-- verify_Notification_Message_Of_Request_Rejected_By_Higher_Authority_At_Employee_Side -->
        <test-method is-config="true" signature="test_Method_Exection_Result(org.testng.ITestResult)[pri:0, instance:in.biencaps.erp.testCases.AddUpdateAssignTaskAndCheckAtEmployeeSideTests@bff34c6]" started-at="2024-05-17T16:34:21 IST" name="test_Method_Exection_Result" finished-at="2024-05-17T16:34:21 IST" duration-ms="1" status="PASS">
          <params>
            <param index="0">
              <value>
                <![CDATA[[TestResult name=verify_Notification_Message_Of_Request_Rejected_By_Higher_Authority_At_Employee_Side status=SUCCESS method=AddUpdateAssignTaskAndCheckAtEmployeeSideTests.verify_Notification_Message_Of_Request_Rejected_By_Higher_Authority_At_Employee_Side()[pri:8, instance:in.biencaps.erp.testCases.AddUpdateAssignTaskAndCheckAtEmployeeSideTests@bff34c6] output={null}]]]>
              </value>
            </param>
          </params>
          <reporter-output>
          </reporter-output>
        </test-method> <!-- test_Method_Exection_Result -->
        <test-method is-config="true" signature="create_Extent_Report_For_Each_Test_Method(java.lang.reflect.Method)[pri:0, instance:in.biencaps.erp.testCases.AddUpdateAssignTaskAndCheckAtEmployeeSideTests@bff34c6]" started-at="2024-05-17T16:34:21 IST" name="create_Extent_Report_For_Each_Test_Method" finished-at="2024-05-17T16:34:21 IST" duration-ms="2" status="PASS">
          <params>
            <param index="0">
              <value>
                <![CDATA[public void in.biencaps.erp.testCases.AddUpdateAssignTaskAndCheckAtEmployeeSideTests.verify_Log_Message_After_Task_Title_Change_Request_Rejected() throws java.lang.InterruptedException]]>
              </value>
            </param>
          </params>
          <reporter-output>
          </reporter-output>
        </test-method> <!-- create_Extent_Report_For_Each_Test_Method -->
        <test-method signature="verify_Log_Message_After_Task_Title_Change_Request_Rejected()[pri:9, instance:in.biencaps.erp.testCases.AddUpdateAssignTaskAndCheckAtEmployeeSideTests@bff34c6]" started-at="2024-05-17T16:34:21 IST" name="verify_Log_Message_After_Task_Title_Change_Request_Rejected" finished-at="2024-05-17T16:34:33 IST" duration-ms="11814" status="PASS">
          <reporter-output>
          </reporter-output>
        </test-method> <!-- verify_Log_Message_After_Task_Title_Change_Request_Rejected -->
        <test-method is-config="true" signature="test_Method_Exection_Result(org.testng.ITestResult)[pri:0, instance:in.biencaps.erp.testCases.AddUpdateAssignTaskAndCheckAtEmployeeSideTests@bff34c6]" started-at="2024-05-17T16:34:33 IST" name="test_Method_Exection_Result" finished-at="2024-05-17T16:34:33 IST" duration-ms="1" status="PASS">
          <params>
            <param index="0">
              <value>
                <![CDATA[[TestResult name=verify_Log_Message_After_Task_Title_Change_Request_Rejected status=SUCCESS method=AddUpdateAssignTaskAndCheckAtEmployeeSideTests.verify_Log_Message_After_Task_Title_Change_Request_Rejected()[pri:9, instance:in.biencaps.erp.testCases.AddUpdateAssignTaskAndCheckAtEmployeeSideTests@bff34c6] output={null}]]]>
              </value>
            </param>
          </params>
          <reporter-output>
          </reporter-output>
        </test-method> <!-- test_Method_Exection_Result -->
        <test-method is-config="true" signature="create_Extent_Report_For_Each_Test_Method(java.lang.reflect.Method)[pri:0, instance:in.biencaps.erp.testCases.AddUpdateAssignTaskAndCheckAtEmployeeSideTests@bff34c6]" started-at="2024-05-17T16:34:33 IST" name="create_Extent_Report_For_Each_Test_Method" finished-at="2024-05-17T16:34:33 IST" duration-ms="1" status="PASS">
          <params>
            <param index="0">
              <value>
                <![CDATA[public void in.biencaps.erp.testCases.AddUpdateAssignTaskAndCheckAtEmployeeSideTests.verify_Task_Request_In_My_Request_Section_After_Rejected_Task_Title_Change_Request() throws java.lang.InterruptedException]]>
              </value>
            </param>
          </params>
          <reporter-output>
          </reporter-output>
        </test-method> <!-- create_Extent_Report_For_Each_Test_Method -->
        <test-method signature="verify_Task_Request_In_My_Request_Section_After_Rejected_Task_Title_Change_Request()[pri:10, instance:in.biencaps.erp.testCases.AddUpdateAssignTaskAndCheckAtEmployeeSideTests@bff34c6]" started-at="2024-05-17T16:34:33 IST" name="verify_Task_Request_In_My_Request_Section_After_Rejected_Task_Title_Change_Request" finished-at="2024-05-17T16:34:43 IST" duration-ms="9673" status="PASS">
          <reporter-output>
          </reporter-output>
        </test-method> <!-- verify_Task_Request_In_My_Request_Section_After_Rejected_Task_Title_Change_Request -->
        <test-method is-config="true" signature="test_Method_Exection_Result(org.testng.ITestResult)[pri:0, instance:in.biencaps.erp.testCases.AddUpdateAssignTaskAndCheckAtEmployeeSideTests@bff34c6]" started-at="2024-05-17T16:34:43 IST" name="test_Method_Exection_Result" finished-at="2024-05-17T16:34:43 IST" duration-ms="0" status="PASS">
          <params>
            <param index="0">
              <value>
                <![CDATA[[TestResult name=verify_Task_Request_In_My_Request_Section_After_Rejected_Task_Title_Change_Request status=SUCCESS method=AddUpdateAssignTaskAndCheckAtEmployeeSideTests.verify_Task_Request_In_My_Request_Section_After_Rejected_Task_Title_Change_Request()[pri:10, instance:in.biencaps.erp.testCases.AddUpdateAssignTaskAndCheckAtEmployeeSideTests@bff34c6] output={null}]]]>
              </value>
            </param>
          </params>
          <reporter-output>
          </reporter-output>
        </test-method> <!-- test_Method_Exection_Result -->
        <test-method is-config="true" signature="create_Extent_Report_For_Each_Test_Method(java.lang.reflect.Method)[pri:0, instance:in.biencaps.erp.testCases.AddUpdateAssignTaskAndCheckAtEmployeeSideTests@bff34c6]" started-at="2024-05-17T16:34:43 IST" name="create_Extent_Report_For_Each_Test_Method" finished-at="2024-05-17T16:34:43 IST" duration-ms="1" status="PASS">
          <params>
            <param index="0">
              <value>
                <![CDATA[public void in.biencaps.erp.testCases.AddUpdateAssignTaskAndCheckAtEmployeeSideTests.verify_Assign_Task_Title_Again_Update_And_Check_Request_In_My_Request_Card() throws java.lang.InterruptedException]]>
              </value>
            </param>
          </params>
          <reporter-output>
          </reporter-output>
        </test-method> <!-- create_Extent_Report_For_Each_Test_Method -->
        <test-method signature="verify_Assign_Task_Title_Again_Update_And_Check_Request_In_My_Request_Card()[pri:11, instance:in.biencaps.erp.testCases.AddUpdateAssignTaskAndCheckAtEmployeeSideTests@bff34c6]" started-at="2024-05-17T16:34:43 IST" name="verify_Assign_Task_Title_Again_Update_And_Check_Request_In_My_Request_Card" finished-at="2024-05-17T16:34:56 IST" duration-ms="13495" status="PASS">
          <reporter-output>
          </reporter-output>
        </test-method> <!-- verify_Assign_Task_Title_Again_Update_And_Check_Request_In_My_Request_Card -->
        <test-method is-config="true" signature="test_Method_Exection_Result(org.testng.ITestResult)[pri:0, instance:in.biencaps.erp.testCases.AddUpdateAssignTaskAndCheckAtEmployeeSideTests@bff34c6]" started-at="2024-05-17T16:34:56 IST" name="test_Method_Exection_Result" finished-at="2024-05-17T16:34:56 IST" duration-ms="1" status="PASS">
          <params>
            <param index="0">
              <value>
                <![CDATA[[TestResult name=verify_Assign_Task_Title_Again_Update_And_Check_Request_In_My_Request_Card status=SUCCESS method=AddUpdateAssignTaskAndCheckAtEmployeeSideTests.verify_Assign_Task_Title_Again_Update_And_Check_Request_In_My_Request_Card()[pri:11, instance:in.biencaps.erp.testCases.AddUpdateAssignTaskAndCheckAtEmployeeSideTests@bff34c6] output={null}]]]>
              </value>
            </param>
          </params>
          <reporter-output>
          </reporter-output>
        </test-method> <!-- test_Method_Exection_Result -->
        <test-method is-config="true" signature="create_Extent_Report_For_Each_Test_Method(java.lang.reflect.Method)[pri:0, instance:in.biencaps.erp.testCases.AddUpdateAssignTaskAndCheckAtEmployeeSideTests@bff34c6]" started-at="2024-05-17T16:34:56 IST" name="create_Extent_Report_For_Each_Test_Method" finished-at="2024-05-17T16:34:56 IST" duration-ms="1" status="PASS">
          <params>
            <param index="0">
              <value>
                <![CDATA[public void in.biencaps.erp.testCases.AddUpdateAssignTaskAndCheckAtEmployeeSideTests.verify_Notification_Message_And_Request_Of_Employee_At_All_Higher_Authority_Of_Task_Title_Again_Change() throws java.lang.InterruptedException]]>
              </value>
            </param>
          </params>
          <reporter-output>
          </reporter-output>
        </test-method> <!-- create_Extent_Report_For_Each_Test_Method -->
        <test-method signature="verify_Notification_Message_And_Request_Of_Employee_At_All_Higher_Authority_Of_Task_Title_Again_Change()[pri:12, instance:in.biencaps.erp.testCases.AddUpdateAssignTaskAndCheckAtEmployeeSideTests@bff34c6]" started-at="2024-05-17T16:34:56 IST" name="verify_Notification_Message_And_Request_Of_Employee_At_All_Higher_Authority_Of_Task_Title_Again_Change" finished-at="2024-05-17T16:35:13 IST" duration-ms="16857" status="PASS">
          <reporter-output>
          </reporter-output>
        </test-method> <!-- verify_Notification_Message_And_Request_Of_Employee_At_All_Higher_Authority_Of_Task_Title_Again_Change -->
        <test-method is-config="true" signature="test_Method_Exection_Result(org.testng.ITestResult)[pri:0, instance:in.biencaps.erp.testCases.AddUpdateAssignTaskAndCheckAtEmployeeSideTests@bff34c6]" started-at="2024-05-17T16:35:13 IST" name="test_Method_Exection_Result" finished-at="2024-05-17T16:35:13 IST" duration-ms="0" status="PASS">
          <params>
            <param index="0">
              <value>
                <![CDATA[[TestResult name=verify_Notification_Message_And_Request_Of_Employee_At_All_Higher_Authority_Of_Task_Title_Again_Change status=SUCCESS method=AddUpdateAssignTaskAndCheckAtEmployeeSideTests.verify_Notification_Message_And_Request_Of_Employee_At_All_Higher_Authority_Of_Task_Title_Again_Change()[pri:12, instance:in.biencaps.erp.testCases.AddUpdateAssignTaskAndCheckAtEmployeeSideTests@bff34c6] output={null}]]]>
              </value>
            </param>
          </params>
          <reporter-output>
          </reporter-output>
        </test-method> <!-- test_Method_Exection_Result -->
        <test-method is-config="true" signature="create_Extent_Report_For_Each_Test_Method(java.lang.reflect.Method)[pri:0, instance:in.biencaps.erp.testCases.AddUpdateAssignTaskAndCheckAtEmployeeSideTests@bff34c6]" started-at="2024-05-17T16:35:13 IST" name="create_Extent_Report_For_Each_Test_Method" finished-at="2024-05-17T16:35:13 IST" duration-ms="1" status="PASS">
          <params>
            <param index="0">
              <value>
                <![CDATA[public void in.biencaps.erp.testCases.AddUpdateAssignTaskAndCheckAtEmployeeSideTests.acceptTaskTitleChangeRequestByHigherAuthority() throws java.lang.InterruptedException]]>
              </value>
            </param>
          </params>
          <reporter-output>
          </reporter-output>
        </test-method> <!-- create_Extent_Report_For_Each_Test_Method -->
        <test-method signature="acceptTaskTitleChangeRequestByHigherAuthority()[pri:0, instance:in.biencaps.erp.testCases.AddUpdateAssignTaskAndCheckAtEmployeeSideTests@bff34c6]" started-at="2024-05-17T16:35:13 IST" name="acceptTaskTitleChangeRequestByHigherAuthority" finished-at="2024-05-17T16:35:19 IST" depends-on-methods="in.biencaps.erp.testCases.AddUpdateAssignTaskAndCheckAtEmployeeSideTests.verify_Notification_Message_And_Request_Of_Employee_At_All_Higher_Authority_Of_Task_Title_Again_Change" duration-ms="6430" status="PASS">
          <reporter-output>
          </reporter-output>
        </test-method> <!-- acceptTaskTitleChangeRequestByHigherAuthority -->
        <test-method is-config="true" signature="test_Method_Exection_Result(org.testng.ITestResult)[pri:0, instance:in.biencaps.erp.testCases.AddUpdateAssignTaskAndCheckAtEmployeeSideTests@bff34c6]" started-at="2024-05-17T16:35:19 IST" name="test_Method_Exection_Result" finished-at="2024-05-17T16:35:19 IST" duration-ms="1" status="PASS">
          <params>
            <param index="0">
              <value>
                <![CDATA[[TestResult name=acceptTaskTitleChangeRequestByHigherAuthority status=SUCCESS method=AddUpdateAssignTaskAndCheckAtEmployeeSideTests.acceptTaskTitleChangeRequestByHigherAuthority()[pri:0, instance:in.biencaps.erp.testCases.AddUpdateAssignTaskAndCheckAtEmployeeSideTests@bff34c6] output={null}]]]>
              </value>
            </param>
          </params>
          <reporter-output>
          </reporter-output>
        </test-method> <!-- test_Method_Exection_Result -->
        <test-method is-config="true" signature="create_Extent_Report_For_Each_Test_Method(java.lang.reflect.Method)[pri:0, instance:in.biencaps.erp.testCases.AddUpdateAssignTaskAndCheckAtEmployeeSideTests@bff34c6]" started-at="2024-05-17T16:35:19 IST" name="create_Extent_Report_For_Each_Test_Method" finished-at="2024-05-17T16:35:19 IST" duration-ms="1" status="PASS">
          <params>
            <param index="0">
              <value>
                <![CDATA[public void in.biencaps.erp.testCases.AddUpdateAssignTaskAndCheckAtEmployeeSideTests.verify_Notification_Message_Of_Request_Accepted_By_Higher_Authority_At_Employee_Side() throws java.lang.InterruptedException]]>
              </value>
            </param>
          </params>
          <reporter-output>
          </reporter-output>
        </test-method> <!-- create_Extent_Report_For_Each_Test_Method -->
        <test-method signature="verify_Notification_Message_Of_Request_Accepted_By_Higher_Authority_At_Employee_Side()[pri:13, instance:in.biencaps.erp.testCases.AddUpdateAssignTaskAndCheckAtEmployeeSideTests@bff34c6]" started-at="2024-05-17T16:35:19 IST" name="verify_Notification_Message_Of_Request_Accepted_By_Higher_Authority_At_Employee_Side" finished-at="2024-05-17T16:35:25 IST" duration-ms="5964" status="PASS">
          <reporter-output>
          </reporter-output>
        </test-method> <!-- verify_Notification_Message_Of_Request_Accepted_By_Higher_Authority_At_Employee_Side -->
        <test-method is-config="true" signature="test_Method_Exection_Result(org.testng.ITestResult)[pri:0, instance:in.biencaps.erp.testCases.AddUpdateAssignTaskAndCheckAtEmployeeSideTests@bff34c6]" started-at="2024-05-17T16:35:25 IST" name="test_Method_Exection_Result" finished-at="2024-05-17T16:35:25 IST" duration-ms="1" status="PASS">
          <params>
            <param index="0">
              <value>
                <![CDATA[[TestResult name=verify_Notification_Message_Of_Request_Accepted_By_Higher_Authority_At_Employee_Side status=SUCCESS method=AddUpdateAssignTaskAndCheckAtEmployeeSideTests.verify_Notification_Message_Of_Request_Accepted_By_Higher_Authority_At_Employee_Side()[pri:13, instance:in.biencaps.erp.testCases.AddUpdateAssignTaskAndCheckAtEmployeeSideTests@bff34c6] output={null}]]]>
              </value>
            </param>
          </params>
          <reporter-output>
          </reporter-output>
        </test-method> <!-- test_Method_Exection_Result -->
        <test-method is-config="true" signature="create_Extent_Report_For_Each_Test_Method(java.lang.reflect.Method)[pri:0, instance:in.biencaps.erp.testCases.AddUpdateAssignTaskAndCheckAtEmployeeSideTests@bff34c6]" started-at="2024-05-17T16:35:25 IST" name="create_Extent_Report_For_Each_Test_Method" finished-at="2024-05-17T16:35:25 IST" duration-ms="1" status="PASS">
          <params>
            <param index="0">
              <value>
                <![CDATA[public void in.biencaps.erp.testCases.AddUpdateAssignTaskAndCheckAtEmployeeSideTests.verify_Log_Message_After_Task_Title_Change_Request_Accepted() throws java.lang.InterruptedException]]>
              </value>
            </param>
          </params>
          <reporter-output>
          </reporter-output>
        </test-method> <!-- create_Extent_Report_For_Each_Test_Method -->
        <test-method signature="verify_Log_Message_After_Task_Title_Change_Request_Accepted()[pri:14, instance:in.biencaps.erp.testCases.AddUpdateAssignTaskAndCheckAtEmployeeSideTests@bff34c6]" started-at="2024-05-17T16:35:25 IST" name="verify_Log_Message_After_Task_Title_Change_Request_Accepted" finished-at="2024-05-17T16:35:39 IST" duration-ms="13214" status="PASS">
          <reporter-output>
          </reporter-output>
        </test-method> <!-- verify_Log_Message_After_Task_Title_Change_Request_Accepted -->
        <test-method is-config="true" signature="test_Method_Exection_Result(org.testng.ITestResult)[pri:0, instance:in.biencaps.erp.testCases.AddUpdateAssignTaskAndCheckAtEmployeeSideTests@bff34c6]" started-at="2024-05-17T16:35:39 IST" name="test_Method_Exection_Result" finished-at="2024-05-17T16:35:39 IST" duration-ms="1" status="PASS">
          <params>
            <param index="0">
              <value>
                <![CDATA[[TestResult name=verify_Log_Message_After_Task_Title_Change_Request_Accepted status=SUCCESS method=AddUpdateAssignTaskAndCheckAtEmployeeSideTests.verify_Log_Message_After_Task_Title_Change_Request_Accepted()[pri:14, instance:in.biencaps.erp.testCases.AddUpdateAssignTaskAndCheckAtEmployeeSideTests@bff34c6] output={null}]]]>
              </value>
            </param>
          </params>
          <reporter-output>
          </reporter-output>
        </test-method> <!-- test_Method_Exection_Result -->
        <test-method signature="verify_Task_Request_In_My_Request_Section_After_Accepted_Task_Title_Change_Request()[pri:15, instance:in.biencaps.erp.testCases.AddUpdateAssignTaskAndCheckAtEmployeeSideTests@bff34c6]" started-at="2024-05-17T16:35:39 IST" name="verify_Task_Request_In_My_Request_Section_After_Accepted_Task_Title_Change_Request" finished-at="2024-05-17T16:35:48 IST" duration-ms="9644" status="PASS">
          <reporter-output>
          </reporter-output>
        </test-method> <!-- verify_Task_Request_In_My_Request_Section_After_Accepted_Task_Title_Change_Request -->
        <test-method is-config="true" signature="create_Extent_Report_For_Each_Test_Method(java.lang.reflect.Method)[pri:0, instance:in.biencaps.erp.testCases.AddUpdateAssignTaskAndCheckAtEmployeeSideTests@bff34c6]" started-at="2024-05-17T16:35:39 IST" name="create_Extent_Report_For_Each_Test_Method" finished-at="2024-05-17T16:35:39 IST" duration-ms="0" status="PASS">
          <params>
            <param index="0">
              <value>
                <![CDATA[public void in.biencaps.erp.testCases.AddUpdateAssignTaskAndCheckAtEmployeeSideTests.verify_Task_Request_In_My_Request_Section_After_Accepted_Task_Title_Change_Request() throws java.lang.InterruptedException]]>
              </value>
            </param>
          </params>
          <reporter-output>
          </reporter-output>
        </test-method> <!-- create_Extent_Report_For_Each_Test_Method -->
        <test-method is-config="true" signature="test_Method_Exection_Result(org.testng.ITestResult)[pri:0, instance:in.biencaps.erp.testCases.AddUpdateAssignTaskAndCheckAtEmployeeSideTests@bff34c6]" started-at="2024-05-17T16:35:48 IST" name="test_Method_Exection_Result" finished-at="2024-05-17T16:35:48 IST" duration-ms="1" status="PASS">
          <params>
            <param index="0">
              <value>
                <![CDATA[[TestResult name=verify_Task_Request_In_My_Request_Section_After_Accepted_Task_Title_Change_Request status=SUCCESS method=AddUpdateAssignTaskAndCheckAtEmployeeSideTests.verify_Task_Request_In_My_Request_Section_After_Accepted_Task_Title_Change_Request()[pri:15, instance:in.biencaps.erp.testCases.AddUpdateAssignTaskAndCheckAtEmployeeSideTests@bff34c6] output={null}]]]>
              </value>
            </param>
          </params>
          <reporter-output>
          </reporter-output>
        </test-method> <!-- test_Method_Exection_Result -->
      </class> <!-- in.biencaps.erp.testCases.AddUpdateAssignTaskAndCheckAtEmployeeSideTests -->
      <class name="in.biencaps.erp.testCases.LoginAndForgotPasswordTests">
        <test-method is-config="true" signature="launch_The_Website()[pri:0, instance:in.biencaps.erp.testCases.LoginAndForgotPasswordTests@13f17eb4]" started-at="2024-05-17T16:32:15 IST" name="launch_The_Website" finished-at="2024-05-17T16:32:18 IST" duration-ms="3427" status="PASS">
          <reporter-output>
          </reporter-output>
        </test-method> <!-- launch_The_Website -->
        <test-method is-config="true" signature="extent_Report_Setup()[pri:0, instance:in.biencaps.erp.testCases.LoginAndForgotPasswordTests@13f17eb4]" started-at="2024-05-17T16:32:18 IST" name="extent_Report_Setup" finished-at="2024-05-17T16:32:19 IST" duration-ms="281" status="PASS">
          <reporter-output>
          </reporter-output>
        </test-method> <!-- extent_Report_Setup -->
        <test-method is-config="true" signature="create_Extent_Report_For_Each_Test_Method(java.lang.reflect.Method)[pri:0, instance:in.biencaps.erp.testCases.LoginAndForgotPasswordTests@13f17eb4]" started-at="2024-05-17T16:32:19 IST" name="create_Extent_Report_For_Each_Test_Method" finished-at="2024-05-17T16:32:19 IST" duration-ms="8" status="PASS">
          <params>
            <param index="0">
              <value>
                <![CDATA[public void in.biencaps.erp.testCases.LoginAndForgotPasswordTests.verify_Forgot_Password_Without_Giving_UserId() throws java.lang.InterruptedException]]>
              </value>
            </param>
          </params>
          <reporter-output>
          </reporter-output>
        </test-method> <!-- create_Extent_Report_For_Each_Test_Method -->
        <test-method signature="verify_Forgot_Password_Without_Giving_UserId()[pri:1, instance:in.biencaps.erp.testCases.LoginAndForgotPasswordTests@13f17eb4]" started-at="2024-05-17T16:32:19 IST" name="verify_Forgot_Password_Without_Giving_UserId" finished-at="2024-05-17T16:32:19 IST" duration-ms="847" status="PASS">
          <reporter-output>
          </reporter-output>
        </test-method> <!-- verify_Forgot_Password_Without_Giving_UserId -->
        <test-method is-config="true" signature="test_Method_Exection_Result(org.testng.ITestResult)[pri:0, instance:in.biencaps.erp.testCases.LoginAndForgotPasswordTests@13f17eb4]" started-at="2024-05-17T16:32:19 IST" name="test_Method_Exection_Result" finished-at="2024-05-17T16:32:19 IST" duration-ms="8" status="PASS">
          <params>
            <param index="0">
              <value>
                <![CDATA[[TestResult name=verify_Forgot_Password_Without_Giving_UserId status=SUCCESS method=LoginAndForgotPasswordTests.verify_Forgot_Password_Without_Giving_UserId()[pri:1, instance:in.biencaps.erp.testCases.LoginAndForgotPasswordTests@13f17eb4] output={null}]]]>
              </value>
            </param>
          </params>
          <reporter-output>
          </reporter-output>
        </test-method> <!-- test_Method_Exection_Result -->
        <test-method signature="verify_Login_Employee_With_Valid_And_Invalid_Credentails(java.lang.String,java.lang.String)[pri:3, instance:in.biencaps.erp.testCases.LoginAndForgotPasswordTests@13f17eb4]" started-at="2024-05-17T16:32:20 IST" name="verify_Login_Employee_With_Valid_And_Invalid_Credentails" data-provider="TestDataForLoginEmployee" finished-at="2024-05-17T16:32:23 IST" duration-ms="2956" status="PASS">
          <params>
            <param index="0">
              <value>
                <![CDATA[Thimphu]]>
              </value>
            </param>
            <param index="1">
              <value>
                <![CDATA[Pass@123]]>
              </value>
            </param>
          </params>
          <reporter-output>
          </reporter-output>
        </test-method> <!-- verify_Login_Employee_With_Valid_And_Invalid_Credentails -->
        <test-method is-config="true" signature="create_Extent_Report_For_Each_Test_Method(java.lang.reflect.Method)[pri:0, instance:in.biencaps.erp.testCases.LoginAndForgotPasswordTests@13f17eb4]" started-at="2024-05-17T16:32:20 IST" name="create_Extent_Report_For_Each_Test_Method" finished-at="2024-05-17T16:32:20 IST" duration-ms="0" status="PASS">
          <params>
            <param index="0">
              <value>
                <![CDATA[public void in.biencaps.erp.testCases.LoginAndForgotPasswordTests.verify_Login_Employee_With_Valid_And_Invalid_Credentails(java.lang.String,java.lang.String) throws java.lang.InterruptedException,java.io.FileNotFoundException]]>
              </value>
            </param>
          </params>
          <reporter-output>
          </reporter-output>
        </test-method> <!-- create_Extent_Report_For_Each_Test_Method -->
        <test-method is-config="true" signature="test_Method_Exection_Result(org.testng.ITestResult)[pri:0, instance:in.biencaps.erp.testCases.LoginAndForgotPasswordTests@13f17eb4]" started-at="2024-05-17T16:32:23 IST" name="test_Method_Exection_Result" finished-at="2024-05-17T16:32:23 IST" duration-ms="2" status="PASS">
          <params>
            <param index="0">
              <value>
                <![CDATA[[TestResult name=verify_Login_Employee_With_Valid_And_Invalid_Credentails status=SUCCESS method=LoginAndForgotPasswordTests.verify_Login_Employee_With_Valid_And_Invalid_Credentails(java.lang.String,java.lang.String)[pri:3, instance:in.biencaps.erp.testCases.LoginAndForgotPasswordTests@13f17eb4] output={null}]]]>
              </value>
            </param>
          </params>
          <reporter-output>
          </reporter-output>
        </test-method> <!-- test_Method_Exection_Result -->
        <test-method is-config="true" signature="create_Extent_Report_For_Each_Test_Method(java.lang.reflect.Method)[pri:0, instance:in.biencaps.erp.testCases.LoginAndForgotPasswordTests@13f17eb4]" started-at="2024-05-17T16:32:23 IST" name="create_Extent_Report_For_Each_Test_Method" finished-at="2024-05-17T16:32:23 IST" duration-ms="2" status="PASS">
          <params>
            <param index="0">
              <value>
                <![CDATA[public void in.biencaps.erp.testCases.LoginAndForgotPasswordTests.verify_Login_Employee_With_Valid_And_Invalid_Credentails(java.lang.String,java.lang.String) throws java.lang.InterruptedException,java.io.FileNotFoundException]]>
              </value>
            </param>
          </params>
          <reporter-output>
          </reporter-output>
        </test-method> <!-- create_Extent_Report_For_Each_Test_Method -->
        <test-method signature="verify_Login_Employee_With_Valid_And_Invalid_Credentails(java.lang.String,java.lang.String)[pri:3, instance:in.biencaps.erp.testCases.LoginAndForgotPasswordTests@13f17eb4]" started-at="2024-05-17T16:32:23 IST" name="verify_Login_Employee_With_Valid_And_Invalid_Credentails" data-provider="TestDataForLoginEmployee" finished-at="2024-05-17T16:32:24 IST" duration-ms="1799" status="PASS">
          <params>
            <param index="0">
              <value>
                <![CDATA[INC012]]>
              </value>
            </param>
            <param index="1">
              <value>
                <![CDATA[nsqyvp0ci09n0]]>
              </value>
            </param>
          </params>
          <reporter-output>
          </reporter-output>
        </test-method> <!-- verify_Login_Employee_With_Valid_And_Invalid_Credentails -->
        <test-method is-config="true" signature="test_Method_Exection_Result(org.testng.ITestResult)[pri:0, instance:in.biencaps.erp.testCases.LoginAndForgotPasswordTests@13f17eb4]" started-at="2024-05-17T16:32:24 IST" name="test_Method_Exection_Result" finished-at="2024-05-17T16:32:24 IST" duration-ms="1" status="PASS">
          <params>
            <param index="0">
              <value>
                <![CDATA[[TestResult name=verify_Login_Employee_With_Valid_And_Invalid_Credentails status=SUCCESS method=LoginAndForgotPasswordTests.verify_Login_Employee_With_Valid_And_Invalid_Credentails(java.lang.String,java.lang.String)[pri:3, instance:in.biencaps.erp.testCases.LoginAndForgotPasswordTests@13f17eb4] output={null}]]]>
              </value>
            </param>
          </params>
          <reporter-output>
          </reporter-output>
        </test-method> <!-- test_Method_Exection_Result -->
        <test-method is-config="true" signature="create_Extent_Report_For_Each_Test_Method(java.lang.reflect.Method)[pri:0, instance:in.biencaps.erp.testCases.LoginAndForgotPasswordTests@13f17eb4]" started-at="2024-05-17T16:32:24 IST" name="create_Extent_Report_For_Each_Test_Method" finished-at="2024-05-17T16:32:24 IST" duration-ms="2" status="PASS">
          <params>
            <param index="0">
              <value>
                <![CDATA[public void in.biencaps.erp.testCases.LoginAndForgotPasswordTests.verify_Login_Employee_With_Valid_And_Invalid_Credentails(java.lang.String,java.lang.String) throws java.lang.InterruptedException,java.io.FileNotFoundException]]>
              </value>
            </param>
          </params>
          <reporter-output>
          </reporter-output>
        </test-method> <!-- create_Extent_Report_For_Each_Test_Method -->
        <test-method signature="verify_Login_Employee_With_Valid_And_Invalid_Credentails(java.lang.String,java.lang.String)[pri:3, instance:in.biencaps.erp.testCases.LoginAndForgotPasswordTests@13f17eb4]" started-at="2024-05-17T16:32:24 IST" name="verify_Login_Employee_With_Valid_And_Invalid_Credentails" data-provider="TestDataForLoginEmployee" finished-at="2024-05-17T16:32:26 IST" duration-ms="1789" status="PASS">
          <params>
            <param index="0">
              <value>
                <![CDATA[Thimphu]]>
              </value>
            </param>
            <param index="1">
              <value>
                <![CDATA[nsqyvp0ci09n0]]>
              </value>
            </param>
          </params>
          <reporter-output>
          </reporter-output>
        </test-method> <!-- verify_Login_Employee_With_Valid_And_Invalid_Credentails -->
        <test-method is-config="true" signature="test_Method_Exection_Result(org.testng.ITestResult)[pri:0, instance:in.biencaps.erp.testCases.LoginAndForgotPasswordTests@13f17eb4]" started-at="2024-05-17T16:32:26 IST" name="test_Method_Exection_Result" finished-at="2024-05-17T16:32:26 IST" duration-ms="2" status="PASS">
          <params>
            <param index="0">
              <value>
                <![CDATA[[TestResult name=verify_Login_Employee_With_Valid_And_Invalid_Credentails status=SUCCESS method=LoginAndForgotPasswordTests.verify_Login_Employee_With_Valid_And_Invalid_Credentails(java.lang.String,java.lang.String)[pri:3, instance:in.biencaps.erp.testCases.LoginAndForgotPasswordTests@13f17eb4] output={null}]]]>
              </value>
            </param>
          </params>
          <reporter-output>
          </reporter-output>
        </test-method> <!-- test_Method_Exection_Result -->
        <test-method is-config="true" signature="create_Extent_Report_For_Each_Test_Method(java.lang.reflect.Method)[pri:0, instance:in.biencaps.erp.testCases.LoginAndForgotPasswordTests@13f17eb4]" started-at="2024-05-17T16:32:26 IST" name="create_Extent_Report_For_Each_Test_Method" finished-at="2024-05-17T16:32:26 IST" duration-ms="1" status="PASS">
          <params>
            <param index="0">
              <value>
                <![CDATA[public void in.biencaps.erp.testCases.LoginAndForgotPasswordTests.verify_Login_Employee_With_Valid_And_Invalid_Credentails(java.lang.String,java.lang.String) throws java.lang.InterruptedException,java.io.FileNotFoundException]]>
              </value>
            </param>
          </params>
          <reporter-output>
          </reporter-output>
        </test-method> <!-- create_Extent_Report_For_Each_Test_Method -->
        <test-method signature="verify_Login_Employee_With_Valid_And_Invalid_Credentails(java.lang.String,java.lang.String)[pri:3, instance:in.biencaps.erp.testCases.LoginAndForgotPasswordTests@13f17eb4]" started-at="2024-05-17T16:32:26 IST" name="verify_Login_Employee_With_Valid_And_Invalid_Credentails" data-provider="TestDataForLoginEmployee" finished-at="2024-05-17T16:32:29 IST" duration-ms="2887" status="PASS">
          <params>
            <param index="0">
              <value>
                <![CDATA[INC012]]>
              </value>
            </param>
            <param index="1">
              <value>
                <![CDATA[Pass@123]]>
              </value>
            </param>
          </params>
          <reporter-output>
          </reporter-output>
        </test-method> <!-- verify_Login_Employee_With_Valid_And_Invalid_Credentails -->
        <test-method is-config="true" signature="test_Method_Exection_Result(org.testng.ITestResult)[pri:0, instance:in.biencaps.erp.testCases.LoginAndForgotPasswordTests@13f17eb4]" started-at="2024-05-17T16:32:29 IST" name="test_Method_Exection_Result" finished-at="2024-05-17T16:32:29 IST" duration-ms="1" status="PASS">
          <params>
            <param index="0">
              <value>
                <![CDATA[[TestResult name=verify_Login_Employee_With_Valid_And_Invalid_Credentails status=SUCCESS method=LoginAndForgotPasswordTests.verify_Login_Employee_With_Valid_And_Invalid_Credentails(java.lang.String,java.lang.String)[pri:3, instance:in.biencaps.erp.testCases.LoginAndForgotPasswordTests@13f17eb4] output={null}]]]>
              </value>
            </param>
          </params>
          <reporter-output>
          </reporter-output>
        </test-method> <!-- test_Method_Exection_Result -->
        <test-method is-config="true" signature="create_Extent_Report_For_Each_Test_Method(java.lang.reflect.Method)[pri:0, instance:in.biencaps.erp.testCases.LoginAndForgotPasswordTests@13f17eb4]" started-at="2024-05-17T16:32:29 IST" name="create_Extent_Report_For_Each_Test_Method" finished-at="2024-05-17T16:32:29 IST" duration-ms="0" status="PASS">
          <params>
            <param index="0">
              <value>
                <![CDATA[public void in.biencaps.erp.testCases.LoginAndForgotPasswordTests.verify_Employee_Name_After_Logged_In() throws java.lang.Exception]]>
              </value>
            </param>
          </params>
          <reporter-output>
          </reporter-output>
        </test-method> <!-- create_Extent_Report_For_Each_Test_Method -->
        <test-method signature="verify_Employee_Name_After_Logged_In()[pri:4, instance:in.biencaps.erp.testCases.LoginAndForgotPasswordTests@13f17eb4]" started-at="2024-05-17T16:32:29 IST" name="verify_Employee_Name_After_Logged_In" finished-at="2024-05-17T16:32:29 IST" duration-ms="265" status="PASS">
          <reporter-output>
          </reporter-output>
        </test-method> <!-- verify_Employee_Name_After_Logged_In -->
        <test-method is-config="true" signature="test_Method_Exection_Result(org.testng.ITestResult)[pri:0, instance:in.biencaps.erp.testCases.LoginAndForgotPasswordTests@13f17eb4]" started-at="2024-05-17T16:32:29 IST" name="test_Method_Exection_Result" finished-at="2024-05-17T16:32:29 IST" duration-ms="1" status="PASS">
          <params>
            <param index="0">
              <value>
                <![CDATA[[TestResult name=verify_Employee_Name_After_Logged_In status=SUCCESS method=LoginAndForgotPasswordTests.verify_Employee_Name_After_Logged_In()[pri:4, instance:in.biencaps.erp.testCases.LoginAndForgotPasswordTests@13f17eb4] output={null}]]]>
              </value>
            </param>
          </params>
          <reporter-output>
          </reporter-output>
        </test-method> <!-- test_Method_Exection_Result -->
        <test-method is-config="true" signature="tear_Down()[pri:0, instance:in.biencaps.erp.testCases.LoginAndForgotPasswordTests@13f17eb4]" started-at="2024-05-17T16:35:48 IST" name="tear_Down" finished-at="2024-05-17T16:35:49 IST" duration-ms="522" status="PASS">
          <reporter-output>
          </reporter-output>
        </test-method> <!-- tear_Down -->
      </class> <!-- in.biencaps.erp.testCases.LoginAndForgotPasswordTests -->
    </test> <!-- Test1 -->
  </suite> <!-- Suite -->
</testng-results>
